<?xml version="1.0" encoding="UTF-8"?>
<!-- Generated by org.testng.reporters.JUnitReportReporter -->
<testsuite hostname="DESKTOP-SAMSUNG" failures="0" tests="1" name="com.parameters.QueryParameterTest" time="6.740" errors="0" timestamp="11 Feb 2022 07:31:10 GMT" skipped="0">
  <testcase classname="com.parameters.QueryParameterTest" name="param" time="6.740"/>
</testsuite> <!-- com.parameters.QueryParameterTest -->
