<?xml version="1.0" encoding="UTF-8"?>
<!-- Generated by org.testng.reporters.JUnitReportReporter -->
<testsuite hostname="DESKTOP-SAMSUNG" failures="0" tests="1" name="practiseCRUDWithoutBDD.UpdateProject" time="5.267" errors="0" timestamp="10 Feb 2022 05:33:03 GMT" skipped="0">
  <testcase classname="practiseCRUDWithoutBDD.UpdateProject" name="updateproject" time="5.267"/>
</testsuite> <!-- practiseCRUDWithoutBDD.UpdateProject -->
