<?xml version="1.0" encoding="UTF-8"?>
<!-- Generated by org.testng.reporters.JUnitReportReporter -->
<testsuite hostname="DESKTOP-SAMSUNG" failures="0" tests="1" name="com.authentication.Authentications" time="3.753" errors="0" timestamp="2022-02-11T16:35:37 IST" skipped="0">
  <testcase classname="com.authentication.Authentications" name="preemptiveAuth" time="3.753"/>
  <system-out/>
</testsuite> <!-- com.authentication.Authentications -->
