<?xml version="1.0" encoding="UTF-8"?>
<!-- Generated by org.testng.reporters.JUnitReportReporter -->
<testsuite hostname="DESKTOP-SAMSUNG" failures="0" tests="1" name="com.authentication.BasicAuthTest" time="4.356" errors="0" timestamp="2022-02-11T16:28:14 IST" skipped="0">
  <testcase classname="com.authentication.BasicAuthTest" name="basicAuth" time="4.356"/>
  <system-out/>
</testsuite> <!-- com.authentication.BasicAuthTest -->
