<?xml version="1.0" encoding="UTF-8"?>
<!-- Generated by org.testng.reporters.JUnitReportReporter -->
<testsuite hostname="DESKTOP-SAMSUNG" failures="0" tests="1" name="com.parameters.ParametersTest" time="4.451" errors="0" timestamp="11 Feb 2022 08:01:15 GMT" skipped="0">
  <testcase classname="com.parameters.ParametersTest" name="params" time="4.451"/>
</testsuite> <!-- com.parameters.ParametersTest -->
