<?xml version="1.0" encoding="UTF-8"?>
<!-- Generated by org.testng.reporters.JUnitReportReporter -->
<testsuite hostname="DESKTOP-SAMSUNG" failures="0" tests="1" name="practiseCRUDWithoutBDD.GetAllProject" time="4.183" errors="0" timestamp="10 Feb 2022 05:25:19 GMT" skipped="0">
  <testcase classname="practiseCRUDWithoutBDD.GetAllProject" name="getAllProject" time="4.183"/>
</testsuite> <!-- practiseCRUDWithoutBDD.GetAllProject -->
