<?xml version="1.0" encoding="UTF-8"?>
<!-- Generated by org.testng.reporters.JUnitReportReporter -->
<testsuite hostname="DESKTOP-SAMSUNG" failures="0" tests="1" name="ResponseVerification.StaticResponseValidation" time="0.019" errors="0" timestamp="10 Feb 2022 10:43:08 GMT" skipped="0">
  <testcase classname="ResponseVerification.StaticResponseValidation" name="verify" time="0.019"/>
</testsuite> <!-- ResponseVerification.StaticResponseValidation -->
