<?xml version="1.0" encoding="UTF-8"?>
<!-- Generated by org.testng.reporters.JUnitReportReporter -->
<testsuite hostname="DESKTOP-SAMSUNG" failures="0" tests="1" name="com.authentication.BearerTokenTest" time="13.547" errors="0" timestamp="2022-02-11T17:24:07 IST" skipped="0">
  <testcase classname="com.authentication.BearerTokenTest" name="bearerAuth" time="13.547"/>
  <system-out/>
</testsuite> <!-- com.authentication.BearerTokenTest -->
