<?xml version="1.0" encoding="UTF-8"?>
<!-- Generated by org.testng.reporters.JUnitReportReporter -->
<testsuite hostname="DESKTOP-SAMSUNG" failures="0" tests="1" name="practiseCRUDWithoutBDD.GetSingleProject" time="3.728" errors="0" timestamp="10 Feb 2022 05:28:51 GMT" skipped="0">
  <testcase classname="practiseCRUDWithoutBDD.GetSingleProject" name="getSingleProject" time="3.728"/>
</testsuite> <!-- practiseCRUDWithoutBDD.GetSingleProject -->
